C:\USERS\TOMPSON\DOCUMENTS\KINECTHANDS\KINECTHANDS\BUILD_INTERMEDIATE\X64\RELEASE\MAIN.OBJ
C:\USERS\TOMPSON\DOCUMENTS\KINECTHANDS\KINECTHANDS\BUILD_INTERMEDIATE\X64\RELEASE\APP.OBJ
C:\USERS\TOMPSON\DOCUMENTS\KINECTHANDS\KINECTHANDS\BUILD_INTERMEDIATE\X64\RELEASE\VC110.PDB
C:\Users\tompson\Documents\KinectHands\KinectHands\build\x64\Release\KinectHands.lib
C:\Users\tompson\Documents\KinectHands\KinectHands\build\x64\Release\KinectHands.exp
C:\USERS\TOMPSON\DOCUMENTS\KINECTHANDS\KINECTHANDS\BUILD\X64\RELEASE\KINECTHANDS.EXE
C:\USERS\TOMPSON\DOCUMENTS\KINECTHANDS\KINECTHANDS\BUILD\X64\RELEASE\KINECTHANDS.PDB
C:\Users\tompson\Documents\KinectHands\KinectHands\build_intermediate\x64\Release\app.obj
C:\Users\tompson\Documents\KinectHands\KinectHands\build_intermediate\x64\Release\main.obj
C:\Users\tompson\Documents\KinectHands\KinectHands\build_intermediate\x64\Release\cl.command.1.tlog
C:\Users\tompson\Documents\KinectHands\KinectHands\build_intermediate\x64\Release\CL.read.1.tlog
C:\Users\tompson\Documents\KinectHands\KinectHands\build_intermediate\x64\Release\CL.write.1.tlog
C:\Users\tompson\Documents\KinectHands\KinectHands\build_intermediate\x64\Release\KinectHands.write.1.tlog
C:\Users\tompson\Documents\KinectHands\KinectHands\build_intermediate\x64\Release\link-cvtres.read.1.tlog
C:\Users\tompson\Documents\KinectHands\KinectHands\build_intermediate\x64\Release\link-cvtres.write.1.tlog
C:\Users\tompson\Documents\KinectHands\KinectHands\build_intermediate\x64\Release\link-rc.read.1.tlog
C:\Users\tompson\Documents\KinectHands\KinectHands\build_intermediate\x64\Release\link-rc.write.1.tlog
C:\Users\tompson\Documents\KinectHands\KinectHands\build_intermediate\x64\Release\link.command.1.tlog
C:\Users\tompson\Documents\KinectHands\KinectHands\build_intermediate\x64\Release\link.read.1.tlog
C:\Users\tompson\Documents\KinectHands\KinectHands\build_intermediate\x64\Release\link.write.1.tlog
C:\Users\tompson\Documents\KinectHands\KinectHands\build_intermediate\x64\Release\vc110.pdb
C:\Users\tompson\Documents\KinectHands\KinectHands\\build\x64\Release\KinectHands.pdb
C:\Users\tompson\Documents\KinectHands\KinectHands\\build\x64\Release\KinectHands.exe
