Build started 2/28/2013 7:46:38 PM.
     1>Project "C:\Users\tompson\Documents\KinectHands\kinect_interface\kinect_interface.vcxproj" on node 2 (Build target(s)).
     1>InitializeBuildStatus:
         Creating "C:\Users\tompson\Documents\KinectHands\kinect_interface\\build_intermediate\x64\Debug\kinect_interface.unsuccessfulbuild" because "AlwaysCreate" was specified.
       ClCompile:
         All outputs are up-to-date.
       Lib:
         C:\Program Files (x86)\Microsoft Visual Studio 11.0\VC\bin\x86_amd64\Lib.exe /OUT:"C:\Users\tompson\Documents\KinectHands\kinect_interface\\build\x64\Debug\kinect_interface_d.lib" jtil_d.lib openNI64.lib XnVCNITE64_1_5_2.lib XnVFeatures64_1_5_2.lib XnVHandGenerator64_1_5_2.lib XnVNITE.jni64.lib XnVNITE64_1_5_2.lib /LIBPATH:C:\Users\tompson\Documents\KinectHands\kinect_interface\..\lib\WIN7 /LIBPATH:C:\Users\tompson\Documents\PRenderer2\jtil\build\x64\Debug\ /NOLOGO /MACHINE:X64 C:\Users\tompson\Documents\KinectHands\kinect_interface\\build_intermediate\x64\Debug\kinect_interface.obj
         C:\Users\tompson\Documents\KinectHands\kinect_interface\\build_intermediate\x64\Debug\open_ni_funcs.obj
     1>jtil_d.lib(precompiled.obj) : warning LNK4221: This object file does not define any previously undefined public symbols, so it will not be used by any link operation that consumes this library
     1>jtil_d.lib(ImathBox.obj) : warning LNK4221: This object file does not define any previously undefined public symbols, so it will not be used by any link operation that consumes this library
     1>jtil_d.lib(ImathShear.obj) : warning LNK4221: This object file does not define any previously undefined public symbols, so it will not be used by any link operation that consumes this library
     1>jtil_d.lib(OPENGL32.dll) : warning LNK4006: __NULL_IMPORT_DESCRIPTOR already defined in jtil_d.lib(COMCTL32.dll); second definition ignored
     1>jtil_d.lib(OPENGL32.dll) : warning LNK4221: This object file does not define any previously undefined public symbols, so it will not be used by any link operation that consumes this library
     1>jtil_d.lib(GLU32.dll) : warning LNK4006: __NULL_IMPORT_DESCRIPTOR already defined in jtil_d.lib(COMCTL32.dll); second definition ignored
     1>jtil_d.lib(GLU32.dll) : warning LNK4221: This object file does not define any previously undefined public symbols, so it will not be used by any link operation that consumes this library
     1>openNI64.lib(OpenNI64.dll) : warning LNK4006: __NULL_IMPORT_DESCRIPTOR already defined in jtil_d.lib(COMCTL32.dll); second definition ignored
     1>openNI64.lib(OpenNI64.dll) : warning LNK4221: This object file does not define any previously undefined public symbols, so it will not be used by any link operation that consumes this library
     1>XnVCNITE64_1_5_2.lib(XnVCNITE64_1_5_2.dll) : warning LNK4006: __NULL_IMPORT_DESCRIPTOR already defined in jtil_d.lib(COMCTL32.dll); second definition ignored
     1>XnVCNITE64_1_5_2.lib(XnVCNITE64_1_5_2.dll) : warning LNK4221: This object file does not define any previously undefined public symbols, so it will not be used by any link operation that consumes this library
     1>XnVFeatures64_1_5_2.lib(XnVFeatures64_1_5_2.dll) : warning LNK4006: xnModuleUnload already defined in openNI64.lib(OpenNI64.dll); second definition ignored
     1>XnVFeatures64_1_5_2.lib(XnVFeatures64_1_5_2.dll) : warning LNK4006: __imp_xnModuleUnload already defined in openNI64.lib(OpenNI64.dll); second definition ignored
     1>XnVFeatures64_1_5_2.lib(XnVFeatures64_1_5_2.dll) : warning LNK4221: This object file does not define any previously undefined public symbols, so it will not be used by any link operation that consumes this library
     1>XnVFeatures64_1_5_2.lib(XnVFeatures64_1_5_2.dll) : warning LNK4006: xnModuleLoad already defined in openNI64.lib(OpenNI64.dll); second definition ignored
     1>XnVFeatures64_1_5_2.lib(XnVFeatures64_1_5_2.dll) : warning LNK4006: __imp_xnModuleLoad already defined in openNI64.lib(OpenNI64.dll); second definition ignored
     1>XnVFeatures64_1_5_2.lib(XnVFeatures64_1_5_2.dll) : warning LNK4221: This object file does not define any previously undefined public symbols, so it will not be used by any link operation that consumes this library
     1>XnVFeatures64_1_5_2.lib(XnVFeatures64_1_5_2.dll) : warning LNK4006: xnModuleGetOpenNIVersion already defined in openNI64.lib(OpenNI64.dll); second definition ignored
     1>XnVFeatures64_1_5_2.lib(XnVFeatures64_1_5_2.dll) : warning LNK4006: __imp_xnModuleGetOpenNIVersion already defined in openNI64.lib(OpenNI64.dll); second definition ignored
     1>XnVFeatures64_1_5_2.lib(XnVFeatures64_1_5_2.dll) : warning LNK4221: This object file does not define any previously undefined public symbols, so it will not be used by any link operation that consumes this library
     1>XnVFeatures64_1_5_2.lib(XnVFeatures64_1_5_2.dll) : warning LNK4006: xnModuleGetExportedNodesEntryPoints already defined in openNI64.lib(OpenNI64.dll); second definition ignored
     1>XnVFeatures64_1_5_2.lib(XnVFeatures64_1_5_2.dll) : warning LNK4006: __imp_xnModuleGetExportedNodesEntryPoints already defined in openNI64.lib(OpenNI64.dll); second definition ignored
     1>XnVFeatures64_1_5_2.lib(XnVFeatures64_1_5_2.dll) : warning LNK4221: This object file does not define any previously undefined public symbols, so it will not be used by any link operation that consumes this library
     1>XnVFeatures64_1_5_2.lib(XnVFeatures64_1_5_2.dll) : warning LNK4006: xnModuleGetExportedNodesCount already defined in openNI64.lib(OpenNI64.dll); second definition ignored
     1>XnVFeatures64_1_5_2.lib(XnVFeatures64_1_5_2.dll) : warning LNK4006: __imp_xnModuleGetExportedNodesCount already defined in openNI64.lib(OpenNI64.dll); second definition ignored
     1>XnVFeatures64_1_5_2.lib(XnVFeatures64_1_5_2.dll) : warning LNK4221: This object file does not define any previously undefined public symbols, so it will not be used by any link operation that consumes this library
     1>XnVFeatures64_1_5_2.lib(XnVFeatures64_1_5_2.dll) : warning LNK4006: __NULL_IMPORT_DESCRIPTOR already defined in jtil_d.lib(COMCTL32.dll); second definition ignored
     1>XnVFeatures64_1_5_2.lib(XnVFeatures64_1_5_2.dll) : warning LNK4221: This object file does not define any previously undefined public symbols, so it will not be used by any link operation that consumes this library
     1>XnVHandGenerator64_1_5_2.lib(XnVHandGenerator64_1_5_2.dll) : warning LNK4006: xnModuleUnload already defined in openNI64.lib(OpenNI64.dll); second definition ignored
     1>XnVHandGenerator64_1_5_2.lib(XnVHandGenerator64_1_5_2.dll) : warning LNK4006: __imp_xnModuleUnload already defined in openNI64.lib(OpenNI64.dll); second definition ignored
     1>XnVHandGenerator64_1_5_2.lib(XnVHandGenerator64_1_5_2.dll) : warning LNK4221: This object file does not define any previously undefined public symbols, so it will not be used by any link operation that consumes this library
     1>XnVHandGenerator64_1_5_2.lib(XnVHandGenerator64_1_5_2.dll) : warning LNK4006: xnModuleLoad already defined in openNI64.lib(OpenNI64.dll); second definition ignored
     1>XnVHandGenerator64_1_5_2.lib(XnVHandGenerator64_1_5_2.dll) : warning LNK4006: __imp_xnModuleLoad already defined in openNI64.lib(OpenNI64.dll); second definition ignored
     1>XnVHandGenerator64_1_5_2.lib(XnVHandGenerator64_1_5_2.dll) : warning LNK4221: This object file does not define any previously undefined public symbols, so it will not be used by any link operation that consumes this library
     1>XnVHandGenerator64_1_5_2.lib(XnVHandGenerator64_1_5_2.dll) : warning LNK4006: xnModuleGetOpenNIVersion already defined in openNI64.lib(OpenNI64.dll); second definition ignored
     1>XnVHandGenerator64_1_5_2.lib(XnVHandGenerator64_1_5_2.dll) : warning LNK4006: __imp_xnModuleGetOpenNIVersion already defined in openNI64.lib(OpenNI64.dll); second definition ignored
     1>XnVHandGenerator64_1_5_2.lib(XnVHandGenerator64_1_5_2.dll) : warning LNK4221: This object file does not define any previously undefined public symbols, so it will not be used by any link operation that consumes this library
     1>XnVHandGenerator64_1_5_2.lib(XnVHandGenerator64_1_5_2.dll) : warning LNK4006: xnModuleGetExportedNodesEntryPoints already defined in openNI64.lib(OpenNI64.dll); second definition ignored
     1>XnVHandGenerator64_1_5_2.lib(XnVHandGenerator64_1_5_2.dll) : warning LNK4006: __imp_xnModuleGetExportedNodesEntryPoints already defined in openNI64.lib(OpenNI64.dll); second definition ignored
     1>XnVHandGenerator64_1_5_2.lib(XnVHandGenerator64_1_5_2.dll) : warning LNK4221: This object file does not define any previously undefined public symbols, so it will not be used by any link operation that consumes this library
     1>XnVHandGenerator64_1_5_2.lib(XnVHandGenerator64_1_5_2.dll) : warning LNK4006: xnModuleGetExportedNodesCount already defined in openNI64.lib(OpenNI64.dll); second definition ignored
     1>XnVHandGenerator64_1_5_2.lib(XnVHandGenerator64_1_5_2.dll) : warning LNK4006: __imp_xnModuleGetExportedNodesCount already defined in openNI64.lib(OpenNI64.dll); second definition ignored
     1>XnVHandGenerator64_1_5_2.lib(XnVHandGenerator64_1_5_2.dll) : warning LNK4221: This object file does not define any previously undefined public symbols, so it will not be used by any link operation that consumes this library
     1>XnVHandGenerator64_1_5_2.lib(XnVHandGenerator64_1_5_2.dll) : warning LNK4006: __NULL_IMPORT_DESCRIPTOR already defined in jtil_d.lib(COMCTL32.dll); second definition ignored
     1>XnVHandGenerator64_1_5_2.lib(XnVHandGenerator64_1_5_2.dll) : warning LNK4221: This object file does not define any previously undefined public symbols, so it will not be used by any link operation that consumes this library
     1>XnVNITE.jni64.lib(XnVNITE.jni64.dll) : warning LNK4006: __NULL_IMPORT_DESCRIPTOR already defined in jtil_d.lib(COMCTL32.dll); second definition ignored
     1>XnVNITE.jni64.lib(XnVNITE.jni64.dll) : warning LNK4221: This object file does not define any previously undefined public symbols, so it will not be used by any link operation that consumes this library
     1>XnVNITE64_1_5_2.lib(XnVNITE64_1_5_2.dll) : warning LNK4006: __NULL_IMPORT_DESCRIPTOR already defined in jtil_d.lib(COMCTL32.dll); second definition ignored
     1>XnVNITE64_1_5_2.lib(XnVNITE64_1_5_2.dll) : warning LNK4221: This object file does not define any previously undefined public symbols, so it will not be used by any link operation that consumes this library
         kinect_interface.vcxproj -> C:\Users\tompson\Documents\KinectHands\kinect_interface\\build\x64\Debug\kinect_interface_d.lib
       FinalizeBuildStatus:
         Deleting file "C:\Users\tompson\Documents\KinectHands\kinect_interface\\build_intermediate\x64\Debug\kinect_interface.unsuccessfulbuild".
         Touching "C:\Users\tompson\Documents\KinectHands\kinect_interface\\build_intermediate\x64\Debug\kinect_interface.lastbuildstate".
     1>Done Building Project "C:\Users\tompson\Documents\KinectHands\kinect_interface\kinect_interface.vcxproj" (Build target(s)).

Build succeeded.

Time Elapsed 00:00:01.54
